ARM GAS  C:\Users\mc_sd\AppData\Local\Temp\cc2UnhuN.s 			page 1


   1              		.cpu cortex-m4
   2              		.arch armv7e-m
   3              		.fpu fpv4-sp-d16
   4              		.eabi_attribute 27, 1
   5              		.eabi_attribute 28, 1
   6              		.eabi_attribute 20, 1
   7              		.eabi_attribute 21, 1
   8              		.eabi_attribute 23, 3
   9              		.eabi_attribute 24, 1
  10              		.eabi_attribute 25, 1
  11              		.eabi_attribute 26, 1
  12              		.eabi_attribute 30, 1
  13              		.eabi_attribute 34, 1
  14              		.eabi_attribute 18, 4
  15              		.file	"fatfs.c"
  16              		.text
  17              	.Ltext0:
  18              		.cfi_sections	.debug_frame
  19              		.file 1 "FATFS/App/fatfs.c"
  20              		.section	.text.MX_FATFS_Init,"ax",%progbits
  21              		.align	1
  22              		.global	MX_FATFS_Init
  23              		.syntax unified
  24              		.thumb
  25              		.thumb_func
  27              	MX_FATFS_Init:
  28              	.LFB137:
   1:FATFS/App/fatfs.c **** /* USER CODE BEGIN Header */
   2:FATFS/App/fatfs.c **** /**
   3:FATFS/App/fatfs.c ****   ******************************************************************************
   4:FATFS/App/fatfs.c ****   * @file   fatfs.c
   5:FATFS/App/fatfs.c ****   * @brief  Code for fatfs applications
   6:FATFS/App/fatfs.c ****   ******************************************************************************
   7:FATFS/App/fatfs.c ****   * @attention
   8:FATFS/App/fatfs.c ****   *
   9:FATFS/App/fatfs.c ****   * Copyright (c) 2025 STMicroelectronics.
  10:FATFS/App/fatfs.c ****   * All rights reserved.
  11:FATFS/App/fatfs.c ****   *
  12:FATFS/App/fatfs.c ****   * This software is licensed under terms that can be found in the LICENSE file
  13:FATFS/App/fatfs.c ****   * in the root directory of this software component.
  14:FATFS/App/fatfs.c ****   * If no LICENSE file comes with this software, it is provided AS-IS.
  15:FATFS/App/fatfs.c ****   *
  16:FATFS/App/fatfs.c ****   ******************************************************************************
  17:FATFS/App/fatfs.c ****   */
  18:FATFS/App/fatfs.c **** /* USER CODE END Header */
  19:FATFS/App/fatfs.c **** #include "fatfs.h"
  20:FATFS/App/fatfs.c **** 
  21:FATFS/App/fatfs.c **** uint8_t retUSER;    /* Return value for USER */
  22:FATFS/App/fatfs.c **** char USERPath[4];   /* USER logical drive path */
  23:FATFS/App/fatfs.c **** FATFS USERFatFS;    /* File system object for USER logical drive */
  24:FATFS/App/fatfs.c **** FIL USERFile;       /* File object for USER */
  25:FATFS/App/fatfs.c **** 
  26:FATFS/App/fatfs.c **** /* USER CODE BEGIN Variables */
  27:FATFS/App/fatfs.c **** 
  28:FATFS/App/fatfs.c **** /* USER CODE END Variables */
  29:FATFS/App/fatfs.c **** 
  30:FATFS/App/fatfs.c **** void MX_FATFS_Init(void)
ARM GAS  C:\Users\mc_sd\AppData\Local\Temp\cc2UnhuN.s 			page 2


  31:FATFS/App/fatfs.c **** {
  29              		.loc 1 31 1 view -0
  30              		.cfi_startproc
  31              		@ args = 0, pretend = 0, frame = 0
  32              		@ frame_needed = 0, uses_anonymous_args = 0
  33 0000 08B5     		push	{r3, lr}
  34              		.cfi_def_cfa_offset 8
  35              		.cfi_offset 3, -8
  36              		.cfi_offset 14, -4
  32:FATFS/App/fatfs.c ****   /*## FatFS: Link the USER driver ###########################*/
  33:FATFS/App/fatfs.c ****   retUSER = FATFS_LinkDriver(&USER_Driver, USERPath);
  37              		.loc 1 33 3 view .LVU1
  38              		.loc 1 33 13 is_stmt 0 view .LVU2
  39 0002 0349     		ldr	r1, .L3
  40 0004 0348     		ldr	r0, .L3+4
  41 0006 FFF7FEFF 		bl	FATFS_LinkDriver
  42              	.LVL0:
  43              		.loc 1 33 11 discriminator 1 view .LVU3
  44 000a 034B     		ldr	r3, .L3+8
  45 000c 1870     		strb	r0, [r3]
  34:FATFS/App/fatfs.c **** 
  35:FATFS/App/fatfs.c ****   /* USER CODE BEGIN Init */
  36:FATFS/App/fatfs.c ****   /* additional user code for init */
  37:FATFS/App/fatfs.c ****   /* USER CODE END Init */
  38:FATFS/App/fatfs.c **** }
  46              		.loc 1 38 1 view .LVU4
  47 000e 08BD     		pop	{r3, pc}
  48              	.L4:
  49              		.align	2
  50              	.L3:
  51 0010 00000000 		.word	USERPath
  52 0014 00000000 		.word	USER_Driver
  53 0018 00000000 		.word	retUSER
  54              		.cfi_endproc
  55              	.LFE137:
  57              		.section	.text.get_fattime,"ax",%progbits
  58              		.align	1
  59              		.global	get_fattime
  60              		.syntax unified
  61              		.thumb
  62              		.thumb_func
  64              	get_fattime:
  65              	.LFB138:
  39:FATFS/App/fatfs.c **** 
  40:FATFS/App/fatfs.c **** /**
  41:FATFS/App/fatfs.c ****   * @brief  Gets Time from RTC
  42:FATFS/App/fatfs.c ****   * @param  None
  43:FATFS/App/fatfs.c ****   * @retval Time in DWORD
  44:FATFS/App/fatfs.c ****   */
  45:FATFS/App/fatfs.c **** DWORD get_fattime(void)
  46:FATFS/App/fatfs.c **** {
  66              		.loc 1 46 1 is_stmt 1 view -0
  67              		.cfi_startproc
  68              		@ args = 0, pretend = 0, frame = 0
  69              		@ frame_needed = 0, uses_anonymous_args = 0
  70              		@ link register save eliminated.
  47:FATFS/App/fatfs.c ****   /* USER CODE BEGIN get_fattime */
ARM GAS  C:\Users\mc_sd\AppData\Local\Temp\cc2UnhuN.s 			page 3


  48:FATFS/App/fatfs.c ****   return 0;
  71              		.loc 1 48 3 view .LVU6
  49:FATFS/App/fatfs.c ****   /* USER CODE END get_fattime */
  50:FATFS/App/fatfs.c **** }
  72              		.loc 1 50 1 is_stmt 0 view .LVU7
  73 0000 0020     		movs	r0, #0
  74 0002 7047     		bx	lr
  75              		.cfi_endproc
  76              	.LFE138:
  78              		.global	USERFile
  79              		.section	.bss.USERFile,"aw",%nobits
  80              		.align	2
  83              	USERFile:
  84 0000 00000000 		.space	4144
  84      00000000 
  84      00000000 
  84      00000000 
  84      00000000 
  85              		.global	USERFatFS
  86              		.section	.bss.USERFatFS,"aw",%nobits
  87              		.align	2
  90              	USERFatFS:
  91 0000 00000000 		.space	4152
  91      00000000 
  91      00000000 
  91      00000000 
  91      00000000 
  92              		.global	USERPath
  93              		.section	.bss.USERPath,"aw",%nobits
  94              		.align	2
  97              	USERPath:
  98 0000 00000000 		.space	4
  99              		.global	retUSER
 100              		.section	.bss.retUSER,"aw",%nobits
 103              	retUSER:
 104 0000 00       		.space	1
 105              		.text
 106              	.Letext0:
 107              		.file 2 "Middlewares/Third_Party/FatFs/src/integer.h"
 108              		.file 3 "C:/Users/mc_sd/AppData/Roaming/Code/User/globalStorage/bmd.stm32-for-vscode/@xpack-dev-to
 109              		.file 4 "C:/Users/mc_sd/AppData/Roaming/Code/User/globalStorage/bmd.stm32-for-vscode/@xpack-dev-to
 110              		.file 5 "Middlewares/Third_Party/FatFs/src/ff.h"
 111              		.file 6 "Middlewares/Third_Party/FatFs/src/diskio.h"
 112              		.file 7 "Middlewares/Third_Party/FatFs/src/ff_gen_drv.h"
 113              		.file 8 "FATFS/Target/user_diskio.h"
 114              		.file 9 "FATFS/App/fatfs.h"
ARM GAS  C:\Users\mc_sd\AppData\Local\Temp\cc2UnhuN.s 			page 4


DEFINED SYMBOLS
                            *ABS*:00000000 fatfs.c
C:\Users\mc_sd\AppData\Local\Temp\cc2UnhuN.s:21     .text.MX_FATFS_Init:00000000 $t
C:\Users\mc_sd\AppData\Local\Temp\cc2UnhuN.s:27     .text.MX_FATFS_Init:00000000 MX_FATFS_Init
C:\Users\mc_sd\AppData\Local\Temp\cc2UnhuN.s:51     .text.MX_FATFS_Init:00000010 $d
C:\Users\mc_sd\AppData\Local\Temp\cc2UnhuN.s:97     .bss.USERPath:00000000 USERPath
C:\Users\mc_sd\AppData\Local\Temp\cc2UnhuN.s:103    .bss.retUSER:00000000 retUSER
C:\Users\mc_sd\AppData\Local\Temp\cc2UnhuN.s:58     .text.get_fattime:00000000 $t
C:\Users\mc_sd\AppData\Local\Temp\cc2UnhuN.s:64     .text.get_fattime:00000000 get_fattime
C:\Users\mc_sd\AppData\Local\Temp\cc2UnhuN.s:83     .bss.USERFile:00000000 USERFile
C:\Users\mc_sd\AppData\Local\Temp\cc2UnhuN.s:80     .bss.USERFile:00000000 $d
C:\Users\mc_sd\AppData\Local\Temp\cc2UnhuN.s:90     .bss.USERFatFS:00000000 USERFatFS
C:\Users\mc_sd\AppData\Local\Temp\cc2UnhuN.s:87     .bss.USERFatFS:00000000 $d
C:\Users\mc_sd\AppData\Local\Temp\cc2UnhuN.s:94     .bss.USERPath:00000000 $d
C:\Users\mc_sd\AppData\Local\Temp\cc2UnhuN.s:104    .bss.retUSER:00000000 $d

UNDEFINED SYMBOLS
FATFS_LinkDriver
USER_Driver
