ARM GAS  C:\Users\mc_sd\AppData\Local\Temp\ccQLwGvN.s 			page 1


   1              		.cpu cortex-m4
   2              		.arch armv7e-m
   3              		.fpu fpv4-sp-d16
   4              		.eabi_attribute 27, 1
   5              		.eabi_attribute 28, 1
   6              		.eabi_attribute 20, 1
   7              		.eabi_attribute 21, 1
   8              		.eabi_attribute 23, 3
   9              		.eabi_attribute 24, 1
  10              		.eabi_attribute 25, 1
  11              		.eabi_attribute 26, 1
  12              		.eabi_attribute 30, 1
  13              		.eabi_attribute 34, 1
  14              		.eabi_attribute 18, 4
  15              		.file	"stm32f4xx_it.c"
  16              		.text
  17              	.Ltext0:
  18              		.cfi_sections	.debug_frame
  19              		.file 1 "Core/Src/stm32f4xx_it.c"
  20              		.section	.text.NMI_Handler,"ax",%progbits
  21              		.align	1
  22              		.global	NMI_Handler
  23              		.syntax unified
  24              		.thumb
  25              		.thumb_func
  27              	NMI_Handler:
  28              	.LFB137:
   1:Core/Src/stm32f4xx_it.c **** /* USER CODE BEGIN Header */
   2:Core/Src/stm32f4xx_it.c **** /**
   3:Core/Src/stm32f4xx_it.c ****   ******************************************************************************
   4:Core/Src/stm32f4xx_it.c ****   * @file    stm32f4xx_it.c
   5:Core/Src/stm32f4xx_it.c ****   * @brief   Interrupt Service Routines.
   6:Core/Src/stm32f4xx_it.c ****   ******************************************************************************
   7:Core/Src/stm32f4xx_it.c ****   * @attention
   8:Core/Src/stm32f4xx_it.c ****   *
   9:Core/Src/stm32f4xx_it.c ****   * Copyright (c) 2025 STMicroelectronics.
  10:Core/Src/stm32f4xx_it.c ****   * All rights reserved.
  11:Core/Src/stm32f4xx_it.c ****   *
  12:Core/Src/stm32f4xx_it.c ****   * This software is licensed under terms that can be found in the LICENSE file
  13:Core/Src/stm32f4xx_it.c ****   * in the root directory of this software component.
  14:Core/Src/stm32f4xx_it.c ****   * If no LICENSE file comes with this software, it is provided AS-IS.
  15:Core/Src/stm32f4xx_it.c ****   *
  16:Core/Src/stm32f4xx_it.c ****   ******************************************************************************
  17:Core/Src/stm32f4xx_it.c ****   */
  18:Core/Src/stm32f4xx_it.c **** /* USER CODE END Header */
  19:Core/Src/stm32f4xx_it.c **** 
  20:Core/Src/stm32f4xx_it.c **** /* Includes ------------------------------------------------------------------*/
  21:Core/Src/stm32f4xx_it.c **** #include "main.h"
  22:Core/Src/stm32f4xx_it.c **** #include "stm32f4xx_it.h"
  23:Core/Src/stm32f4xx_it.c **** /* Private includes ----------------------------------------------------------*/
  24:Core/Src/stm32f4xx_it.c **** /* USER CODE BEGIN Includes */
  25:Core/Src/stm32f4xx_it.c **** /* USER CODE END Includes */
  26:Core/Src/stm32f4xx_it.c **** 
  27:Core/Src/stm32f4xx_it.c **** /* Private typedef -----------------------------------------------------------*/
  28:Core/Src/stm32f4xx_it.c **** /* USER CODE BEGIN TD */
  29:Core/Src/stm32f4xx_it.c **** 
  30:Core/Src/stm32f4xx_it.c **** /* USER CODE END TD */
ARM GAS  C:\Users\mc_sd\AppData\Local\Temp\ccQLwGvN.s 			page 2


  31:Core/Src/stm32f4xx_it.c **** 
  32:Core/Src/stm32f4xx_it.c **** /* Private define ------------------------------------------------------------*/
  33:Core/Src/stm32f4xx_it.c **** /* USER CODE BEGIN PD */
  34:Core/Src/stm32f4xx_it.c **** 
  35:Core/Src/stm32f4xx_it.c **** /* USER CODE END PD */
  36:Core/Src/stm32f4xx_it.c **** 
  37:Core/Src/stm32f4xx_it.c **** /* Private macro -------------------------------------------------------------*/
  38:Core/Src/stm32f4xx_it.c **** /* USER CODE BEGIN PM */
  39:Core/Src/stm32f4xx_it.c **** 
  40:Core/Src/stm32f4xx_it.c **** /* USER CODE END PM */
  41:Core/Src/stm32f4xx_it.c **** 
  42:Core/Src/stm32f4xx_it.c **** /* Private variables ---------------------------------------------------------*/
  43:Core/Src/stm32f4xx_it.c **** /* USER CODE BEGIN PV */
  44:Core/Src/stm32f4xx_it.c **** 
  45:Core/Src/stm32f4xx_it.c **** /* USER CODE END PV */
  46:Core/Src/stm32f4xx_it.c **** 
  47:Core/Src/stm32f4xx_it.c **** /* Private function prototypes -----------------------------------------------*/
  48:Core/Src/stm32f4xx_it.c **** /* USER CODE BEGIN PFP */
  49:Core/Src/stm32f4xx_it.c **** 
  50:Core/Src/stm32f4xx_it.c **** /* USER CODE END PFP */
  51:Core/Src/stm32f4xx_it.c **** 
  52:Core/Src/stm32f4xx_it.c **** /* Private user code ---------------------------------------------------------*/
  53:Core/Src/stm32f4xx_it.c **** /* USER CODE BEGIN 0 */
  54:Core/Src/stm32f4xx_it.c **** 
  55:Core/Src/stm32f4xx_it.c **** /* USER CODE END 0 */
  56:Core/Src/stm32f4xx_it.c **** 
  57:Core/Src/stm32f4xx_it.c **** /* External variables --------------------------------------------------------*/
  58:Core/Src/stm32f4xx_it.c **** extern PCD_HandleTypeDef hpcd_USB_OTG_FS;
  59:Core/Src/stm32f4xx_it.c **** extern DMA_HandleTypeDef hdma_spi1_tx;
  60:Core/Src/stm32f4xx_it.c **** /* USER CODE BEGIN EV */
  61:Core/Src/stm32f4xx_it.c **** 
  62:Core/Src/stm32f4xx_it.c **** /* USER CODE END EV */
  63:Core/Src/stm32f4xx_it.c **** 
  64:Core/Src/stm32f4xx_it.c **** /******************************************************************************/
  65:Core/Src/stm32f4xx_it.c **** /*           Cortex-M4 Processor Interruption and Exception Handlers          */
  66:Core/Src/stm32f4xx_it.c **** /******************************************************************************/
  67:Core/Src/stm32f4xx_it.c **** /**
  68:Core/Src/stm32f4xx_it.c ****   * @brief This function handles Non maskable interrupt.
  69:Core/Src/stm32f4xx_it.c ****   */
  70:Core/Src/stm32f4xx_it.c **** void NMI_Handler(void)
  71:Core/Src/stm32f4xx_it.c **** {
  29              		.loc 1 71 1 view -0
  30              		.cfi_startproc
  31              		@ Volatile: function does not return.
  32              		@ args = 0, pretend = 0, frame = 0
  33              		@ frame_needed = 0, uses_anonymous_args = 0
  34 0000 08B5     		push	{r3, lr}
  35              		.cfi_def_cfa_offset 8
  36              		.cfi_offset 3, -8
  37              		.cfi_offset 14, -4
  72:Core/Src/stm32f4xx_it.c ****   /* USER CODE BEGIN NonMaskableInt_IRQn 0 */
  73:Core/Src/stm32f4xx_it.c **** 
  74:Core/Src/stm32f4xx_it.c ****   /* USER CODE END NonMaskableInt_IRQn 0 */
  75:Core/Src/stm32f4xx_it.c ****   HAL_RCC_NMI_IRQHandler();
  38              		.loc 1 75 3 view .LVU1
  39 0002 FFF7FEFF 		bl	HAL_RCC_NMI_IRQHandler
  40              	.LVL0:
ARM GAS  C:\Users\mc_sd\AppData\Local\Temp\ccQLwGvN.s 			page 3


  41              	.L2:
  76:Core/Src/stm32f4xx_it.c ****   /* USER CODE BEGIN NonMaskableInt_IRQn 1 */
  77:Core/Src/stm32f4xx_it.c ****    while (1)
  42              		.loc 1 77 4 view .LVU2
  78:Core/Src/stm32f4xx_it.c ****   {
  79:Core/Src/stm32f4xx_it.c ****   }
  43              		.loc 1 79 3 view .LVU3
  77:Core/Src/stm32f4xx_it.c ****   {
  44              		.loc 1 77 10 view .LVU4
  45 0006 FEE7     		b	.L2
  46              		.cfi_endproc
  47              	.LFE137:
  49              		.section	.text.HardFault_Handler,"ax",%progbits
  50              		.align	1
  51              		.global	HardFault_Handler
  52              		.syntax unified
  53              		.thumb
  54              		.thumb_func
  56              	HardFault_Handler:
  57              	.LFB138:
  80:Core/Src/stm32f4xx_it.c ****   /* USER CODE END NonMaskableInt_IRQn 1 */
  81:Core/Src/stm32f4xx_it.c **** }
  82:Core/Src/stm32f4xx_it.c **** 
  83:Core/Src/stm32f4xx_it.c **** /**
  84:Core/Src/stm32f4xx_it.c ****   * @brief This function handles Hard fault interrupt.
  85:Core/Src/stm32f4xx_it.c ****   */
  86:Core/Src/stm32f4xx_it.c **** void HardFault_Handler(void)
  87:Core/Src/stm32f4xx_it.c **** {
  58              		.loc 1 87 1 view -0
  59              		.cfi_startproc
  60              		@ Volatile: function does not return.
  61              		@ args = 0, pretend = 0, frame = 0
  62              		@ frame_needed = 0, uses_anonymous_args = 0
  63              		@ link register save eliminated.
  64              	.L5:
  88:Core/Src/stm32f4xx_it.c ****   /* USER CODE BEGIN HardFault_IRQn 0 */
  89:Core/Src/stm32f4xx_it.c **** 
  90:Core/Src/stm32f4xx_it.c ****   /* USER CODE END HardFault_IRQn 0 */
  91:Core/Src/stm32f4xx_it.c ****   while (1)
  65              		.loc 1 91 3 view .LVU6
  92:Core/Src/stm32f4xx_it.c ****   {
  93:Core/Src/stm32f4xx_it.c ****     /* USER CODE BEGIN W1_HardFault_IRQn 0 */
  94:Core/Src/stm32f4xx_it.c ****     /* USER CODE END W1_HardFault_IRQn 0 */
  95:Core/Src/stm32f4xx_it.c ****   }
  66              		.loc 1 95 3 view .LVU7
  91:Core/Src/stm32f4xx_it.c ****   {
  67              		.loc 1 91 9 view .LVU8
  68 0000 FEE7     		b	.L5
  69              		.cfi_endproc
  70              	.LFE138:
  72              		.section	.text.MemManage_Handler,"ax",%progbits
  73              		.align	1
  74              		.global	MemManage_Handler
  75              		.syntax unified
  76              		.thumb
  77              		.thumb_func
  79              	MemManage_Handler:
ARM GAS  C:\Users\mc_sd\AppData\Local\Temp\ccQLwGvN.s 			page 4


  80              	.LFB139:
  96:Core/Src/stm32f4xx_it.c **** }
  97:Core/Src/stm32f4xx_it.c **** 
  98:Core/Src/stm32f4xx_it.c **** /**
  99:Core/Src/stm32f4xx_it.c ****   * @brief This function handles Memory management fault.
 100:Core/Src/stm32f4xx_it.c ****   */
 101:Core/Src/stm32f4xx_it.c **** void MemManage_Handler(void)
 102:Core/Src/stm32f4xx_it.c **** {
  81              		.loc 1 102 1 view -0
  82              		.cfi_startproc
  83              		@ Volatile: function does not return.
  84              		@ args = 0, pretend = 0, frame = 0
  85              		@ frame_needed = 0, uses_anonymous_args = 0
  86              		@ link register save eliminated.
  87              	.L7:
 103:Core/Src/stm32f4xx_it.c ****   /* USER CODE BEGIN MemoryManagement_IRQn 0 */
 104:Core/Src/stm32f4xx_it.c **** 
 105:Core/Src/stm32f4xx_it.c ****   /* USER CODE END MemoryManagement_IRQn 0 */
 106:Core/Src/stm32f4xx_it.c ****   while (1)
  88              		.loc 1 106 3 view .LVU10
 107:Core/Src/stm32f4xx_it.c ****   {
 108:Core/Src/stm32f4xx_it.c ****     /* USER CODE BEGIN W1_MemoryManagement_IRQn 0 */
 109:Core/Src/stm32f4xx_it.c ****     /* USER CODE END W1_MemoryManagement_IRQn 0 */
 110:Core/Src/stm32f4xx_it.c ****   }
  89              		.loc 1 110 3 view .LVU11
 106:Core/Src/stm32f4xx_it.c ****   {
  90              		.loc 1 106 9 view .LVU12
  91 0000 FEE7     		b	.L7
  92              		.cfi_endproc
  93              	.LFE139:
  95              		.section	.text.BusFault_Handler,"ax",%progbits
  96              		.align	1
  97              		.global	BusFault_Handler
  98              		.syntax unified
  99              		.thumb
 100              		.thumb_func
 102              	BusFault_Handler:
 103              	.LFB140:
 111:Core/Src/stm32f4xx_it.c **** }
 112:Core/Src/stm32f4xx_it.c **** 
 113:Core/Src/stm32f4xx_it.c **** /**
 114:Core/Src/stm32f4xx_it.c ****   * @brief This function handles Pre-fetch fault, memory access fault.
 115:Core/Src/stm32f4xx_it.c ****   */
 116:Core/Src/stm32f4xx_it.c **** void BusFault_Handler(void)
 117:Core/Src/stm32f4xx_it.c **** {
 104              		.loc 1 117 1 view -0
 105              		.cfi_startproc
 106              		@ Volatile: function does not return.
 107              		@ args = 0, pretend = 0, frame = 0
 108              		@ frame_needed = 0, uses_anonymous_args = 0
 109              		@ link register save eliminated.
 110              	.L9:
 118:Core/Src/stm32f4xx_it.c ****   /* USER CODE BEGIN BusFault_IRQn 0 */
 119:Core/Src/stm32f4xx_it.c **** 
 120:Core/Src/stm32f4xx_it.c ****   /* USER CODE END BusFault_IRQn 0 */
 121:Core/Src/stm32f4xx_it.c ****   while (1)
 111              		.loc 1 121 3 view .LVU14
ARM GAS  C:\Users\mc_sd\AppData\Local\Temp\ccQLwGvN.s 			page 5


 122:Core/Src/stm32f4xx_it.c ****   {
 123:Core/Src/stm32f4xx_it.c ****     /* USER CODE BEGIN W1_BusFault_IRQn 0 */
 124:Core/Src/stm32f4xx_it.c ****     /* USER CODE END W1_BusFault_IRQn 0 */
 125:Core/Src/stm32f4xx_it.c ****   }
 112              		.loc 1 125 3 view .LVU15
 121:Core/Src/stm32f4xx_it.c ****   {
 113              		.loc 1 121 9 view .LVU16
 114 0000 FEE7     		b	.L9
 115              		.cfi_endproc
 116              	.LFE140:
 118              		.section	.text.UsageFault_Handler,"ax",%progbits
 119              		.align	1
 120              		.global	UsageFault_Handler
 121              		.syntax unified
 122              		.thumb
 123              		.thumb_func
 125              	UsageFault_Handler:
 126              	.LFB141:
 126:Core/Src/stm32f4xx_it.c **** }
 127:Core/Src/stm32f4xx_it.c **** 
 128:Core/Src/stm32f4xx_it.c **** /**
 129:Core/Src/stm32f4xx_it.c ****   * @brief This function handles Undefined instruction or illegal state.
 130:Core/Src/stm32f4xx_it.c ****   */
 131:Core/Src/stm32f4xx_it.c **** void UsageFault_Handler(void)
 132:Core/Src/stm32f4xx_it.c **** {
 127              		.loc 1 132 1 view -0
 128              		.cfi_startproc
 129              		@ Volatile: function does not return.
 130              		@ args = 0, pretend = 0, frame = 0
 131              		@ frame_needed = 0, uses_anonymous_args = 0
 132              		@ link register save eliminated.
 133              	.L11:
 133:Core/Src/stm32f4xx_it.c ****   /* USER CODE BEGIN UsageFault_IRQn 0 */
 134:Core/Src/stm32f4xx_it.c **** 
 135:Core/Src/stm32f4xx_it.c ****   /* USER CODE END UsageFault_IRQn 0 */
 136:Core/Src/stm32f4xx_it.c ****   while (1)
 134              		.loc 1 136 3 view .LVU18
 137:Core/Src/stm32f4xx_it.c ****   {
 138:Core/Src/stm32f4xx_it.c ****     /* USER CODE BEGIN W1_UsageFault_IRQn 0 */
 139:Core/Src/stm32f4xx_it.c ****     /* USER CODE END W1_UsageFault_IRQn 0 */
 140:Core/Src/stm32f4xx_it.c ****   }
 135              		.loc 1 140 3 view .LVU19
 136:Core/Src/stm32f4xx_it.c ****   {
 136              		.loc 1 136 9 view .LVU20
 137 0000 FEE7     		b	.L11
 138              		.cfi_endproc
 139              	.LFE141:
 141              		.section	.text.SVC_Handler,"ax",%progbits
 142              		.align	1
 143              		.global	SVC_Handler
 144              		.syntax unified
 145              		.thumb
 146              		.thumb_func
 148              	SVC_Handler:
 149              	.LFB142:
 141:Core/Src/stm32f4xx_it.c **** }
 142:Core/Src/stm32f4xx_it.c **** 
ARM GAS  C:\Users\mc_sd\AppData\Local\Temp\ccQLwGvN.s 			page 6


 143:Core/Src/stm32f4xx_it.c **** /**
 144:Core/Src/stm32f4xx_it.c ****   * @brief This function handles System service call via SWI instruction.
 145:Core/Src/stm32f4xx_it.c ****   */
 146:Core/Src/stm32f4xx_it.c **** void SVC_Handler(void)
 147:Core/Src/stm32f4xx_it.c **** {
 150              		.loc 1 147 1 view -0
 151              		.cfi_startproc
 152              		@ args = 0, pretend = 0, frame = 0
 153              		@ frame_needed = 0, uses_anonymous_args = 0
 154              		@ link register save eliminated.
 148:Core/Src/stm32f4xx_it.c ****   /* USER CODE BEGIN SVCall_IRQn 0 */
 149:Core/Src/stm32f4xx_it.c **** 
 150:Core/Src/stm32f4xx_it.c ****   /* USER CODE END SVCall_IRQn 0 */
 151:Core/Src/stm32f4xx_it.c ****   /* USER CODE BEGIN SVCall_IRQn 1 */
 152:Core/Src/stm32f4xx_it.c **** 
 153:Core/Src/stm32f4xx_it.c ****   /* USER CODE END SVCall_IRQn 1 */
 154:Core/Src/stm32f4xx_it.c **** }
 155              		.loc 1 154 1 view .LVU22
 156 0000 7047     		bx	lr
 157              		.cfi_endproc
 158              	.LFE142:
 160              		.section	.text.DebugMon_Handler,"ax",%progbits
 161              		.align	1
 162              		.global	DebugMon_Handler
 163              		.syntax unified
 164              		.thumb
 165              		.thumb_func
 167              	DebugMon_Handler:
 168              	.LFB143:
 155:Core/Src/stm32f4xx_it.c **** 
 156:Core/Src/stm32f4xx_it.c **** /**
 157:Core/Src/stm32f4xx_it.c ****   * @brief This function handles Debug monitor.
 158:Core/Src/stm32f4xx_it.c ****   */
 159:Core/Src/stm32f4xx_it.c **** void DebugMon_Handler(void)
 160:Core/Src/stm32f4xx_it.c **** {
 169              		.loc 1 160 1 view -0
 170              		.cfi_startproc
 171              		@ args = 0, pretend = 0, frame = 0
 172              		@ frame_needed = 0, uses_anonymous_args = 0
 173              		@ link register save eliminated.
 161:Core/Src/stm32f4xx_it.c ****   /* USER CODE BEGIN DebugMonitor_IRQn 0 */
 162:Core/Src/stm32f4xx_it.c **** 
 163:Core/Src/stm32f4xx_it.c ****   /* USER CODE END DebugMonitor_IRQn 0 */
 164:Core/Src/stm32f4xx_it.c ****   /* USER CODE BEGIN DebugMonitor_IRQn 1 */
 165:Core/Src/stm32f4xx_it.c **** 
 166:Core/Src/stm32f4xx_it.c ****   /* USER CODE END DebugMonitor_IRQn 1 */
 167:Core/Src/stm32f4xx_it.c **** }
 174              		.loc 1 167 1 view .LVU24
 175 0000 7047     		bx	lr
 176              		.cfi_endproc
 177              	.LFE143:
 179              		.section	.text.PendSV_Handler,"ax",%progbits
 180              		.align	1
 181              		.global	PendSV_Handler
 182              		.syntax unified
 183              		.thumb
 184              		.thumb_func
ARM GAS  C:\Users\mc_sd\AppData\Local\Temp\ccQLwGvN.s 			page 7


 186              	PendSV_Handler:
 187              	.LFB144:
 168:Core/Src/stm32f4xx_it.c **** 
 169:Core/Src/stm32f4xx_it.c **** /**
 170:Core/Src/stm32f4xx_it.c ****   * @brief This function handles Pendable request for system service.
 171:Core/Src/stm32f4xx_it.c ****   */
 172:Core/Src/stm32f4xx_it.c **** void PendSV_Handler(void)
 173:Core/Src/stm32f4xx_it.c **** {
 188              		.loc 1 173 1 view -0
 189              		.cfi_startproc
 190              		@ args = 0, pretend = 0, frame = 0
 191              		@ frame_needed = 0, uses_anonymous_args = 0
 192              		@ link register save eliminated.
 174:Core/Src/stm32f4xx_it.c ****   /* USER CODE BEGIN PendSV_IRQn 0 */
 175:Core/Src/stm32f4xx_it.c **** 
 176:Core/Src/stm32f4xx_it.c ****   /* USER CODE END PendSV_IRQn 0 */
 177:Core/Src/stm32f4xx_it.c ****   /* USER CODE BEGIN PendSV_IRQn 1 */
 178:Core/Src/stm32f4xx_it.c **** 
 179:Core/Src/stm32f4xx_it.c ****   /* USER CODE END PendSV_IRQn 1 */
 180:Core/Src/stm32f4xx_it.c **** }
 193              		.loc 1 180 1 view .LVU26
 194 0000 7047     		bx	lr
 195              		.cfi_endproc
 196              	.LFE144:
 198              		.section	.text.SysTick_Handler,"ax",%progbits
 199              		.align	1
 200              		.global	SysTick_Handler
 201              		.syntax unified
 202              		.thumb
 203              		.thumb_func
 205              	SysTick_Handler:
 206              	.LFB145:
 181:Core/Src/stm32f4xx_it.c **** 
 182:Core/Src/stm32f4xx_it.c **** /**
 183:Core/Src/stm32f4xx_it.c ****   * @brief This function handles System tick timer.
 184:Core/Src/stm32f4xx_it.c ****   */
 185:Core/Src/stm32f4xx_it.c **** void SysTick_Handler(void)
 186:Core/Src/stm32f4xx_it.c **** {
 207              		.loc 1 186 1 view -0
 208              		.cfi_startproc
 209              		@ args = 0, pretend = 0, frame = 0
 210              		@ frame_needed = 0, uses_anonymous_args = 0
 211 0000 08B5     		push	{r3, lr}
 212              		.cfi_def_cfa_offset 8
 213              		.cfi_offset 3, -8
 214              		.cfi_offset 14, -4
 187:Core/Src/stm32f4xx_it.c ****   /* USER CODE BEGIN SysTick_IRQn 0 */
 188:Core/Src/stm32f4xx_it.c **** 
 189:Core/Src/stm32f4xx_it.c ****   /* USER CODE END SysTick_IRQn 0 */
 190:Core/Src/stm32f4xx_it.c ****   HAL_IncTick();
 215              		.loc 1 190 3 view .LVU28
 216 0002 FFF7FEFF 		bl	HAL_IncTick
 217              	.LVL1:
 191:Core/Src/stm32f4xx_it.c ****   /* USER CODE BEGIN SysTick_IRQn 1 */
 192:Core/Src/stm32f4xx_it.c **** 
 193:Core/Src/stm32f4xx_it.c ****   /* USER CODE END SysTick_IRQn 1 */
 194:Core/Src/stm32f4xx_it.c **** }
ARM GAS  C:\Users\mc_sd\AppData\Local\Temp\ccQLwGvN.s 			page 8


 218              		.loc 1 194 1 is_stmt 0 view .LVU29
 219 0006 08BD     		pop	{r3, pc}
 220              		.cfi_endproc
 221              	.LFE145:
 223              		.section	.text.DMA2_Stream2_IRQHandler,"ax",%progbits
 224              		.align	1
 225              		.global	DMA2_Stream2_IRQHandler
 226              		.syntax unified
 227              		.thumb
 228              		.thumb_func
 230              	DMA2_Stream2_IRQHandler:
 231              	.LFB146:
 195:Core/Src/stm32f4xx_it.c **** 
 196:Core/Src/stm32f4xx_it.c **** /******************************************************************************/
 197:Core/Src/stm32f4xx_it.c **** /* STM32F4xx Peripheral Interrupt Handlers                                    */
 198:Core/Src/stm32f4xx_it.c **** /* Add here the Interrupt Handlers for the used peripherals.                  */
 199:Core/Src/stm32f4xx_it.c **** /* For the available peripheral interrupt handler names,                      */
 200:Core/Src/stm32f4xx_it.c **** /* please refer to the startup file (startup_stm32f4xx.s).                    */
 201:Core/Src/stm32f4xx_it.c **** /******************************************************************************/
 202:Core/Src/stm32f4xx_it.c **** 
 203:Core/Src/stm32f4xx_it.c **** /**
 204:Core/Src/stm32f4xx_it.c ****   * @brief This function handles DMA2 stream2 global interrupt.
 205:Core/Src/stm32f4xx_it.c ****   */
 206:Core/Src/stm32f4xx_it.c **** void DMA2_Stream2_IRQHandler(void)
 207:Core/Src/stm32f4xx_it.c **** {
 232              		.loc 1 207 1 is_stmt 1 view -0
 233              		.cfi_startproc
 234              		@ args = 0, pretend = 0, frame = 0
 235              		@ frame_needed = 0, uses_anonymous_args = 0
 236 0000 08B5     		push	{r3, lr}
 237              		.cfi_def_cfa_offset 8
 238              		.cfi_offset 3, -8
 239              		.cfi_offset 14, -4
 208:Core/Src/stm32f4xx_it.c ****   /* USER CODE BEGIN DMA2_Stream2_IRQn 0 */
 209:Core/Src/stm32f4xx_it.c **** 
 210:Core/Src/stm32f4xx_it.c ****   /* USER CODE END DMA2_Stream2_IRQn 0 */
 211:Core/Src/stm32f4xx_it.c ****   HAL_DMA_IRQHandler(&hdma_spi1_tx);
 240              		.loc 1 211 3 view .LVU31
 241 0002 0248     		ldr	r0, .L19
 242 0004 FFF7FEFF 		bl	HAL_DMA_IRQHandler
 243              	.LVL2:
 212:Core/Src/stm32f4xx_it.c ****   /* USER CODE BEGIN DMA2_Stream2_IRQn 1 */
 213:Core/Src/stm32f4xx_it.c **** 
 214:Core/Src/stm32f4xx_it.c ****   /* USER CODE END DMA2_Stream2_IRQn 1 */
 215:Core/Src/stm32f4xx_it.c **** }
 244              		.loc 1 215 1 is_stmt 0 view .LVU32
 245 0008 08BD     		pop	{r3, pc}
 246              	.L20:
 247 000a 00BF     		.align	2
 248              	.L19:
 249 000c 00000000 		.word	hdma_spi1_tx
 250              		.cfi_endproc
 251              	.LFE146:
 253              		.section	.text.OTG_FS_IRQHandler,"ax",%progbits
 254              		.align	1
 255              		.global	OTG_FS_IRQHandler
 256              		.syntax unified
ARM GAS  C:\Users\mc_sd\AppData\Local\Temp\ccQLwGvN.s 			page 9


 257              		.thumb
 258              		.thumb_func
 260              	OTG_FS_IRQHandler:
 261              	.LFB147:
 216:Core/Src/stm32f4xx_it.c **** 
 217:Core/Src/stm32f4xx_it.c **** /**
 218:Core/Src/stm32f4xx_it.c ****   * @brief This function handles USB On The Go FS global interrupt.
 219:Core/Src/stm32f4xx_it.c ****   */
 220:Core/Src/stm32f4xx_it.c **** void OTG_FS_IRQHandler(void)
 221:Core/Src/stm32f4xx_it.c **** {
 262              		.loc 1 221 1 is_stmt 1 view -0
 263              		.cfi_startproc
 264              		@ args = 0, pretend = 0, frame = 0
 265              		@ frame_needed = 0, uses_anonymous_args = 0
 266 0000 08B5     		push	{r3, lr}
 267              		.cfi_def_cfa_offset 8
 268              		.cfi_offset 3, -8
 269              		.cfi_offset 14, -4
 222:Core/Src/stm32f4xx_it.c ****   /* USER CODE BEGIN OTG_FS_IRQn 0 */
 223:Core/Src/stm32f4xx_it.c **** 
 224:Core/Src/stm32f4xx_it.c ****   /* USER CODE END OTG_FS_IRQn 0 */
 225:Core/Src/stm32f4xx_it.c ****   HAL_PCD_IRQHandler(&hpcd_USB_OTG_FS);
 270              		.loc 1 225 3 view .LVU34
 271 0002 0248     		ldr	r0, .L23
 272 0004 FFF7FEFF 		bl	HAL_PCD_IRQHandler
 273              	.LVL3:
 226:Core/Src/stm32f4xx_it.c ****   /* USER CODE BEGIN OTG_FS_IRQn 1 */
 227:Core/Src/stm32f4xx_it.c **** 
 228:Core/Src/stm32f4xx_it.c ****   /* USER CODE END OTG_FS_IRQn 1 */
 229:Core/Src/stm32f4xx_it.c **** }
 274              		.loc 1 229 1 is_stmt 0 view .LVU35
 275 0008 08BD     		pop	{r3, pc}
 276              	.L24:
 277 000a 00BF     		.align	2
 278              	.L23:
 279 000c 00000000 		.word	hpcd_USB_OTG_FS
 280              		.cfi_endproc
 281              	.LFE147:
 283              		.text
 284              	.Letext0:
 285              		.file 2 "C:/Users/mc_sd/AppData/Roaming/Code/User/globalStorage/bmd.stm32-for-vscode/@xpack-dev-to
 286              		.file 3 "C:/Users/mc_sd/AppData/Roaming/Code/User/globalStorage/bmd.stm32-for-vscode/@xpack-dev-to
 287              		.file 4 "Drivers/CMSIS/Device/ST/STM32F4xx/Include/stm32f411xe.h"
 288              		.file 5 "Drivers/STM32F4xx_HAL_Driver/Inc/stm32f4xx_hal_def.h"
 289              		.file 6 "Drivers/STM32F4xx_HAL_Driver/Inc/stm32f4xx_hal_dma.h"
 290              		.file 7 "Drivers/STM32F4xx_HAL_Driver/Inc/stm32f4xx_ll_usb.h"
 291              		.file 8 "Drivers/STM32F4xx_HAL_Driver/Inc/stm32f4xx_hal_pcd.h"
 292              		.file 9 "Drivers/STM32F4xx_HAL_Driver/Inc/stm32f4xx_hal.h"
 293              		.file 10 "Drivers/STM32F4xx_HAL_Driver/Inc/stm32f4xx_hal_rcc.h"
ARM GAS  C:\Users\mc_sd\AppData\Local\Temp\ccQLwGvN.s 			page 10


DEFINED SYMBOLS
                            *ABS*:00000000 stm32f4xx_it.c
C:\Users\mc_sd\AppData\Local\Temp\ccQLwGvN.s:21     .text.NMI_Handler:00000000 $t
C:\Users\mc_sd\AppData\Local\Temp\ccQLwGvN.s:27     .text.NMI_Handler:00000000 NMI_Handler
C:\Users\mc_sd\AppData\Local\Temp\ccQLwGvN.s:50     .text.HardFault_Handler:00000000 $t
C:\Users\mc_sd\AppData\Local\Temp\ccQLwGvN.s:56     .text.HardFault_Handler:00000000 HardFault_Handler
C:\Users\mc_sd\AppData\Local\Temp\ccQLwGvN.s:73     .text.MemManage_Handler:00000000 $t
C:\Users\mc_sd\AppData\Local\Temp\ccQLwGvN.s:79     .text.MemManage_Handler:00000000 MemManage_Handler
C:\Users\mc_sd\AppData\Local\Temp\ccQLwGvN.s:96     .text.BusFault_Handler:00000000 $t
C:\Users\mc_sd\AppData\Local\Temp\ccQLwGvN.s:102    .text.BusFault_Handler:00000000 BusFault_Handler
C:\Users\mc_sd\AppData\Local\Temp\ccQLwGvN.s:119    .text.UsageFault_Handler:00000000 $t
C:\Users\mc_sd\AppData\Local\Temp\ccQLwGvN.s:125    .text.UsageFault_Handler:00000000 UsageFault_Handler
C:\Users\mc_sd\AppData\Local\Temp\ccQLwGvN.s:142    .text.SVC_Handler:00000000 $t
C:\Users\mc_sd\AppData\Local\Temp\ccQLwGvN.s:148    .text.SVC_Handler:00000000 SVC_Handler
C:\Users\mc_sd\AppData\Local\Temp\ccQLwGvN.s:161    .text.DebugMon_Handler:00000000 $t
C:\Users\mc_sd\AppData\Local\Temp\ccQLwGvN.s:167    .text.DebugMon_Handler:00000000 DebugMon_Handler
C:\Users\mc_sd\AppData\Local\Temp\ccQLwGvN.s:180    .text.PendSV_Handler:00000000 $t
C:\Users\mc_sd\AppData\Local\Temp\ccQLwGvN.s:186    .text.PendSV_Handler:00000000 PendSV_Handler
C:\Users\mc_sd\AppData\Local\Temp\ccQLwGvN.s:199    .text.SysTick_Handler:00000000 $t
C:\Users\mc_sd\AppData\Local\Temp\ccQLwGvN.s:205    .text.SysTick_Handler:00000000 SysTick_Handler
C:\Users\mc_sd\AppData\Local\Temp\ccQLwGvN.s:224    .text.DMA2_Stream2_IRQHandler:00000000 $t
C:\Users\mc_sd\AppData\Local\Temp\ccQLwGvN.s:230    .text.DMA2_Stream2_IRQHandler:00000000 DMA2_Stream2_IRQHandler
C:\Users\mc_sd\AppData\Local\Temp\ccQLwGvN.s:249    .text.DMA2_Stream2_IRQHandler:0000000c $d
C:\Users\mc_sd\AppData\Local\Temp\ccQLwGvN.s:254    .text.OTG_FS_IRQHandler:00000000 $t
C:\Users\mc_sd\AppData\Local\Temp\ccQLwGvN.s:260    .text.OTG_FS_IRQHandler:00000000 OTG_FS_IRQHandler
C:\Users\mc_sd\AppData\Local\Temp\ccQLwGvN.s:279    .text.OTG_FS_IRQHandler:0000000c $d

UNDEFINED SYMBOLS
HAL_RCC_NMI_IRQHandler
HAL_IncTick
HAL_DMA_IRQHandler
hdma_spi1_tx
HAL_PCD_IRQHandler
hpcd_USB_OTG_FS
